ERROR - 2023-11-05 16:46:53 --> mysqli_sql_exception: Table 'erecruit.user' doesn't exist in C:\laragon\www\SirCab\backend\system\Database\MySQLi\Connection.php:306
Stack trace:
#0 C:\laragon\www\SirCab\backend\system\Database\MySQLi\Connection.php(306): mysqli->query('SELECT *\nFROM `...', 0)
#1 C:\laragon\www\SirCab\backend\system\Database\BaseConnection.php(692): CodeIgniter\Database\MySQLi\Connection->execute('SELECT *\nFROM `...')
#2 C:\laragon\www\SirCab\backend\system\Database\BaseConnection.php(606): CodeIgniter\Database\BaseConnection->simpleQuery('SELECT *\nFROM `...')
#3 C:\laragon\www\SirCab\backend\system\Database\BaseBuilder.php(1615): CodeIgniter\Database\BaseConnection->query('SELECT *\nFROM `...', Array, false)
#4 C:\laragon\www\SirCab\backend\system\Model.php(237): CodeIgniter\Database\BaseBuilder->get()
#5 C:\laragon\www\SirCab\backend\system\BaseModel.php(624): CodeIgniter\Model->doFindAll(0, 0)
#6 C:\laragon\www\SirCab\backend\app\Controllers\MainController.php(32): CodeIgniter\BaseModel->findAll()
#7 C:\laragon\www\SirCab\backend\system\CodeIgniter.php(919): App\Controllers\MainController->getData()
#8 C:\laragon\www\SirCab\backend\system\CodeIgniter.php(494): CodeIgniter\CodeIgniter->runController(Object(App\Controllers\MainController))
#9 C:\laragon\www\SirCab\backend\system\CodeIgniter.php(353): CodeIgniter\CodeIgniter->handleRequest(NULL, Object(Config\Cache), false)
#10 C:\laragon\www\SirCab\backend\public\index.php(87): CodeIgniter\CodeIgniter->run()
#11 {main}
CRITICAL - 2023-11-05 16:46:53 --> Table 'erecruit.user' doesn't exist
in SYSTEMPATH\Database\BaseConnection.php on line 646.
 1 SYSTEMPATH\Database\BaseBuilder.php(1615): CodeIgniter\Database\BaseConnection->query('SELECT *
FROM `user`', [], false)
 2 SYSTEMPATH\Model.php(237): CodeIgniter\Database\BaseBuilder->get()
 3 SYSTEMPATH\BaseModel.php(624): CodeIgniter\Model->doFindAll(0, 0)
 4 APPPATH\Controllers\MainController.php(32): CodeIgniter\BaseModel->findAll()
 5 SYSTEMPATH\CodeIgniter.php(919): App\Controllers\MainController->getData()
 6 SYSTEMPATH\CodeIgniter.php(494): CodeIgniter\CodeIgniter->runController(Object(App\Controllers\MainController))
 7 SYSTEMPATH\CodeIgniter.php(353): CodeIgniter\CodeIgniter->handleRequest(null, Object(Config\Cache), false)
 8 FCPATH\index.php(87): CodeIgniter\CodeIgniter->run()
ERROR - 2023-11-05 16:47:46 --> mysqli_sql_exception: Table 'erecruit.user' doesn't exist in C:\laragon\www\SirCab\backend\system\Database\MySQLi\Connection.php:306
Stack trace:
#0 C:\laragon\www\SirCab\backend\system\Database\MySQLi\Connection.php(306): mysqli->query('SELECT *\nFROM `...', 0)
#1 C:\laragon\www\SirCab\backend\system\Database\BaseConnection.php(692): CodeIgniter\Database\MySQLi\Connection->execute('SELECT *\nFROM `...')
#2 C:\laragon\www\SirCab\backend\system\Database\BaseConnection.php(606): CodeIgniter\Database\BaseConnection->simpleQuery('SELECT *\nFROM `...')
#3 C:\laragon\www\SirCab\backend\system\Database\BaseBuilder.php(1615): CodeIgniter\Database\BaseConnection->query('SELECT *\nFROM `...', Array, false)
#4 C:\laragon\www\SirCab\backend\system\Model.php(237): CodeIgniter\Database\BaseBuilder->get()
#5 C:\laragon\www\SirCab\backend\system\BaseModel.php(624): CodeIgniter\Model->doFindAll(0, 0)
#6 C:\laragon\www\SirCab\backend\app\Controllers\MainController.php(32): CodeIgniter\BaseModel->findAll()
#7 C:\laragon\www\SirCab\backend\system\CodeIgniter.php(919): App\Controllers\MainController->getData()
#8 C:\laragon\www\SirCab\backend\system\CodeIgniter.php(494): CodeIgniter\CodeIgniter->runController(Object(App\Controllers\MainController))
#9 C:\laragon\www\SirCab\backend\system\CodeIgniter.php(353): CodeIgniter\CodeIgniter->handleRequest(NULL, Object(Config\Cache), false)
#10 C:\laragon\www\SirCab\backend\public\index.php(87): CodeIgniter\CodeIgniter->run()
#11 {main}
CRITICAL - 2023-11-05 16:47:46 --> Table 'erecruit.user' doesn't exist
in SYSTEMPATH\Database\BaseConnection.php on line 646.
 1 SYSTEMPATH\Database\BaseBuilder.php(1615): CodeIgniter\Database\BaseConnection->query('SELECT *
FROM `user`', [], false)
 2 SYSTEMPATH\Model.php(237): CodeIgniter\Database\BaseBuilder->get()
 3 SYSTEMPATH\BaseModel.php(624): CodeIgniter\Model->doFindAll(0, 0)
 4 APPPATH\Controllers\MainController.php(32): CodeIgniter\BaseModel->findAll()
 5 SYSTEMPATH\CodeIgniter.php(919): App\Controllers\MainController->getData()
 6 SYSTEMPATH\CodeIgniter.php(494): CodeIgniter\CodeIgniter->runController(Object(App\Controllers\MainController))
 7 SYSTEMPATH\CodeIgniter.php(353): CodeIgniter\CodeIgniter->handleRequest(null, Object(Config\Cache), false)
 8 FCPATH\index.php(87): CodeIgniter\CodeIgniter->run()
CRITICAL - 2023-11-05 17:26:25 --> Attempt to read property "email" on null
in APPPATH\Controllers\MainController.php on line 21.
 1 APPPATH\Controllers\MainController.php(21): CodeIgniter\Debug\Exceptions->errorHandler(2, 'Attempt to read property "email" on null', 'C:\\laragon\\www\\SirCab\\backend\\app\\Controllers\\MainController.php', 21)
 2 SYSTEMPATH\CodeIgniter.php(919): App\Controllers\MainController->save()
 3 SYSTEMPATH\CodeIgniter.php(494): CodeIgniter\CodeIgniter->runController(Object(App\Controllers\MainController))
 4 SYSTEMPATH\CodeIgniter.php(353): CodeIgniter\CodeIgniter->handleRequest(null, Object(Config\Cache), false)
 5 FCPATH\index.php(87): CodeIgniter\CodeIgniter->run()
CRITICAL - 2023-11-05 17:26:38 --> Attempt to read property "email" on null
in APPPATH\Controllers\MainController.php on line 21.
 1 APPPATH\Controllers\MainController.php(21): CodeIgniter\Debug\Exceptions->errorHandler(2, 'Attempt to read property "email" on null', 'C:\\laragon\\www\\SirCab\\backend\\app\\Controllers\\MainController.php', 21)
 2 SYSTEMPATH\CodeIgniter.php(919): App\Controllers\MainController->save()
 3 SYSTEMPATH\CodeIgniter.php(494): CodeIgniter\CodeIgniter->runController(Object(App\Controllers\MainController))
 4 SYSTEMPATH\CodeIgniter.php(353): CodeIgniter\CodeIgniter->handleRequest(null, Object(Config\Cache), false)
 5 FCPATH\index.php(87): CodeIgniter\CodeIgniter->run()
CRITICAL - 2023-11-05 17:26:39 --> Attempt to read property "email" on null
in APPPATH\Controllers\MainController.php on line 21.
 1 APPPATH\Controllers\MainController.php(21): CodeIgniter\Debug\Exceptions->errorHandler(2, 'Attempt to read property "email" on null', 'C:\\laragon\\www\\SirCab\\backend\\app\\Controllers\\MainController.php', 21)
 2 SYSTEMPATH\CodeIgniter.php(919): App\Controllers\MainController->save()
 3 SYSTEMPATH\CodeIgniter.php(494): CodeIgniter\CodeIgniter->runController(Object(App\Controllers\MainController))
 4 SYSTEMPATH\CodeIgniter.php(353): CodeIgniter\CodeIgniter->handleRequest(null, Object(Config\Cache), false)
 5 FCPATH\index.php(87): CodeIgniter\CodeIgniter->run()
CRITICAL - 2023-11-05 17:26:39 --> Attempt to read property "email" on null
in APPPATH\Controllers\MainController.php on line 21.
 1 APPPATH\Controllers\MainController.php(21): CodeIgniter\Debug\Exceptions->errorHandler(2, 'Attempt to read property "email" on null', 'C:\\laragon\\www\\SirCab\\backend\\app\\Controllers\\MainController.php', 21)
 2 SYSTEMPATH\CodeIgniter.php(919): App\Controllers\MainController->save()
 3 SYSTEMPATH\CodeIgniter.php(494): CodeIgniter\CodeIgniter->runController(Object(App\Controllers\MainController))
 4 SYSTEMPATH\CodeIgniter.php(353): CodeIgniter\CodeIgniter->handleRequest(null, Object(Config\Cache), false)
 5 FCPATH\index.php(87): CodeIgniter\CodeIgniter->run()
CRITICAL - 2023-11-05 17:26:39 --> Attempt to read property "email" on null
in APPPATH\Controllers\MainController.php on line 21.
 1 APPPATH\Controllers\MainController.php(21): CodeIgniter\Debug\Exceptions->errorHandler(2, 'Attempt to read property "email" on null', 'C:\\laragon\\www\\SirCab\\backend\\app\\Controllers\\MainController.php', 21)
 2 SYSTEMPATH\CodeIgniter.php(919): App\Controllers\MainController->save()
 3 SYSTEMPATH\CodeIgniter.php(494): CodeIgniter\CodeIgniter->runController(Object(App\Controllers\MainController))
 4 SYSTEMPATH\CodeIgniter.php(353): CodeIgniter\CodeIgniter->handleRequest(null, Object(Config\Cache), false)
 5 FCPATH\index.php(87): CodeIgniter\CodeIgniter->run()
CRITICAL - 2023-11-05 17:26:48 --> Attempt to read property "email" on null
in APPPATH\Controllers\MainController.php on line 21.
 1 APPPATH\Controllers\MainController.php(21): CodeIgniter\Debug\Exceptions->errorHandler(2, 'Attempt to read property "email" on null', 'C:\\laragon\\www\\SirCab\\backend\\app\\Controllers\\MainController.php', 21)
 2 SYSTEMPATH\CodeIgniter.php(919): App\Controllers\MainController->save()
 3 SYSTEMPATH\CodeIgniter.php(494): CodeIgniter\CodeIgniter->runController(Object(App\Controllers\MainController))
 4 SYSTEMPATH\CodeIgniter.php(353): CodeIgniter\CodeIgniter->handleRequest(null, Object(Config\Cache), false)
 5 FCPATH\index.php(87): CodeIgniter\CodeIgniter->run()
CRITICAL - 2023-11-05 18:40:40 --> Undefined property: stdClass::$password
in APPPATH\Controllers\MainController.php on line 21.
 1 APPPATH\Controllers\MainController.php(21): CodeIgniter\Debug\Exceptions->errorHandler(2, 'Undefined property: stdClass::$password', 'C:\\laragon\\www\\SirCab\\backend\\app\\Controllers\\MainController.php', 21)
 2 SYSTEMPATH\CodeIgniter.php(919): App\Controllers\MainController->save()
 3 SYSTEMPATH\CodeIgniter.php(494): CodeIgniter\CodeIgniter->runController(Object(App\Controllers\MainController))
 4 SYSTEMPATH\CodeIgniter.php(353): CodeIgniter\CodeIgniter->handleRequest(null, Object(Config\Cache), false)
 5 FCPATH\index.php(87): CodeIgniter\CodeIgniter->run()
